<?xml version="1.0" encoding="UTF-8"?>
<testsuite xmlns:xsi="http://www.w3.org/2001/XMLSchema-instance" xsi:noNamespaceSchemaLocation="https://maven.apache.org/surefire/maven-surefire-plugin/xsd/surefire-test-report.xsd" name="com.grievance.controller.MemberControllerTest" time="0.798" tests="5" errors="0" skipped="0" failures="0">
  <properties>
[...]
</properties>
  <testcase name="testCreateMemberAuth" classname="com.grievance.controller.MemberControllerTest" time="0.478"/>
  <testcase name="testGetAllMembers" classname="com.grievance.controller.MemberControllerTest" time="0.081"/>
  <testcase name="testChangePassword" classname="com.grievance.controller.MemberControllerTest" time="0.08"/>
  <testcase name="testDeleteMember" classname="com.grievance.controller.MemberControllerTest" time="0.071"/>
  <testcase name="testLoginMember" classname="com.grievance.controller.MemberControllerTest" time="0.082"/>
</testsuite>